case #1: 1 0
case #2: 1 0
case #3: 1 1
case #4: 0 0
case #5: 500 499
case #6: 1 0
case #7: 1 0
case #8: 1 0
case #9: 0 0
case #10: 0 0
case #11: 3 2
case #12: 0 0
case #13: 1 0
case #14: 499999 499999
case #15: 1 0
case #16: 1 1
case #17: 0 0
case #18: 2 2
case #19: 0 0
case #20: 0 0
case #21: 1 0
case #22: 1 1
case #23: 0 0
case #24: 1 0
case #25: 0 0
case #26: 1 0
case #27: 3906 3905
case #28: 3 2
case #29: 0 0
case #30: 7812 7811
case #31: 0 0
case #32: 125000 124999
case #33: 0 0
case #34: 0 0
case #35: 0 0
case #36: 0 0
case #37: 0 0
case #38: 1953 1952
case #39: 0 0
case #40: 0 0
case #41: 1 0
case #42: 1 1
case #43: 1 1
case #44: 249999 249999
case #45: 0 0
case #46: 2 1
case #47: 1 1
case #48: 0 0
case #49: 0 0
case #50: 0 0
case #51: 1 0
case #52: 1 0
case #53: 1 1
case #54: 0 0
case #55: 0 0
case #56: 0 0
case #57: 1 1
case #58: 0 0
case #59: 0 0
case #60: 250000 249999
case #61: 3906 3905
case #62: 0 0
case #63: 1 0
case #64: 0 0
case #65: 1 0
case #66: 0 0
case #67: 0 0
case #68: 0 0
case #69: 0 0
case #70: 1 0
case #71: 0 0
case #72: 1 0
case #73: 1 0
case #74: 250000 249999
case #75: 1 1
case #76: 0 0
case #77: 0 0
case #78: 0 0
case #79: 0 0
case #80: 1 1
case #81: 0 0
case #82: 500000 499999
case #83: 3 2
case #84: 3905 3905
case #85: 0 0
case #86: 0 0
case #87: 0 0
case #88: 0 0
case #89: 0 0
case #90: 0 0
case #91: 7812 7811
case #92: 1 1
case #93: 1 0
case #94: 1 0
case #95: 1 0
case #96: 0 0
case #97: 0 0
case #98: 0 0
case #99: 0 0
case #100: 0 0
