case #1: 1 0
case #2: 1 0
case #3: 1 1
case #4: 0 0
case #5: 500 499
case #6: 1 0
case #7: 0 0
case #8: 1 0
case #9: 0 0
case #10: 0 0
case #11: 0 0
case #12: 0 0
case #13: 3 3
case #14: 250 249
case #15: 1 0
case #16: 3 2
case #17: 1 0
case #18: 125 124
case #19: 1 0
case #20: 1 0
case #21: 0 0
case #22: 0 0
case #23: 0 0
case #24: 1 0
case #25: 1 1
case #26: 0 0
case #27: 0 0
case #28: 1 1
case #29: 0 0
case #30: 1 0
case #31: 1 1
case #32: 0 0
case #33: 0 0
case #34: 3 3
case #35: 0 0
case #36: 0 0
case #37: 7 6
case #38: 3 2
case #39: 0 0
case #40: 3 2
case #41: 1 0
case #42: 0 0
case #43: 3 3
case #44: 1 0
case #45: 0 0
case #46: 1 0
case #47: 0 0
case #48: 0 0
case #49: 1 0
case #50: 7 6
case #51: 0 0
case #52: 1 1
case #53: 1 0
case #54: 0 0
case #55: 1 0
case #56: 0 0
case #57: 0 0
case #58: 0 0
case #59: 1 0
case #60: 0 0
case #61: 0 0
case #62: 0 0
case #63: 0 0
case #64: 250 249
case #65: 249 249
case #66: 0 0
case #67: 499 499
case #68: 0 0
case #69: 2 2
case #70: 0 0
case #71: 3 2
case #72: 1 1
case #73: 1 1
case #74: 0 0
case #75: 1 0
case #76: 0 0
case #77: 1 0
case #78: 1 1
case #79: 0 0
case #80: 1 1
case #81: 0 0
case #82: 2 1
case #83: 0 0
case #84: 0 0
case #85: 1 1
case #86: 0 0
case #87: 0 0
case #88: 0 0
case #89: 0 0
case #90: 1 1
case #91: 3 3
case #92: 0 0
case #93: 0 0
case #94: 0 0
case #95: 0 0
case #96: 0 0
case #97: 0 0
case #98: 0 0
case #99: 0 0
case #100: 1 0
